<?xml version="1.0" encoding="UTF-8"?>
<!-- Generated by org.testng.reporters.JUnitReportReporter -->
<testsuite hostname="Tripthis-MBP.verizon.net" failures="0" tests="2" name="apiTestAutomation.getWeatherLondon" time="2.959" errors="0" timestamp="02 Apr 2020 05:17:33 GMT" skipped="0">
  <testcase classname="apiTestAutomation.getWeatherLondon" name="testResponseCode" time="0.718"/>
  <testcase classname="apiTestAutomation.getWeatherLondon" name="testResponseBody" time="2.241"/>
</testsuite> <!-- apiTestAutomation.getWeatherLondon -->
